(---------------------------------------------------------------------)
(                                                                     )
(    Allegro Netrev Import Logic                                      )
(                                                                     )
(    Drawing          : PressureSensorV1.brd                          )
(    Software Version : 23.1S004                                      )
(    Date/Time        : Mon Jul 22 16:13:52 2024                      )
(                                                                     )
(---------------------------------------------------------------------)


------ Directives ------------

Ripup etch:                  No
Ripup delete first segment:  No
Ripup retain bondwire:       No
Ripup symbols:               Always
Missing symbol has error:    No
DRC update:                  Yes
Schematic directory:         'D:/Projects/PCB/Pressure Sensor/Netlist'
Design Directory:            'D:/Projects/PCB/Pressure Sensor/PCBEditor/V1'
Old design name:             'D:/Projects/PCB/Pressure Sensor/PCBEditor/V1/PressureSensorV1.brd'
New design name:             'D:/Projects/PCB/Pressure Sensor/PCBEditor/V1/PressureSensorV1.brd'

CmdLine: netrev -$ -i D:/Projects/PCB/Pressure Sensor/Netlist -y 1 -h -q netrev_constraint_report.xml D:/Projects/PCB/Pressure Sensor/PCBEditor/V1/#Taaaabh24340.tmp

------ Preparing to read pst files ------

Starting to read D:/Projects/PCB/Pressure Sensor/Netlist/pstchip.dat 
   Finished reading D:/Projects/PCB/Pressure Sensor/Netlist/pstchip.dat (00:00:00.01)
Starting to read D:/Projects/PCB/Pressure Sensor/Netlist/pstxprt.dat 
   Finished reading D:/Projects/PCB/Pressure Sensor/Netlist/pstxprt.dat (00:00:00.00)
Starting to read D:/Projects/PCB/Pressure Sensor/Netlist/pstxnet.dat 
   Finished reading D:/Projects/PCB/Pressure Sensor/Netlist/pstxnet.dat (00:00:00.00)

------ Oversights/Warnings/Errors ------


------ Library Paths ------
MODULEPATH =  . 
           D:/Softwares/Orcad/share/local/pcb/modules 

PSMPATH =  . 
           symbols 
           .. 
           ../symbols 
           D:/Softwares/Orcad/share/local/pcb/symbols 
           D:/Softwares/Orcad/share/pcb/pcb_lib/symbols 
           D:/Softwares/Orcad/share/pcb/allegrolib/symbols 
           ../Libraries 

PADPATH =  . 
           symbols 
           .. 
           ../symbols 
           D:/Softwares/Orcad/share/local/pcb/padstacks 
           D:/Softwares/Orcad/share/pcb/pcb_lib/symbols 
           D:/Softwares/Orcad/share/pcb/allegrolib/symbols 
           ../Libraries 
           ./Libraries 


------ Summary Statistics ------


netrev run on Jul 22 16:13:52 2024
   DESIGN NAME : 'PRESSURE SENSOR'
   PACKAGING ON Apr 17 2024 22:27:39

   COMPILE 'logic'
   CHECK_PIN_NAMES OFF
   CROSS_REFERENCE OFF
   FEEDBACK OFF
   INCREMENTAL OFF
   INTERFACE_TYPE PHYSICAL
   MAX_ERRORS 500
   MERGE_MINIMUM 5
   NET_NAME_CHARS '#%&()*+-./:=>?@[]^_`|'
   NET_NAME_LENGTH 24
   OVERSIGHTS ON
   REPLACE_CHECK OFF
   SINGLE_NODE_NETS ON
   SPLIT_MINIMUM 0
   SUPPRESS   20
   WARNINGS ON

 No error detected
 No oversight detected
 No warning detected

cpu time      0:00:25
elapsed time  0:00:01

